<?xml version="1.0" encoding="UTF-8"?>
<!-- Generated by org.testng.reporters.JUnitReportReporter -->
<testsuite hostname="MAHESH" failures="0" tests="1" name="driverFactory.AppTest" time="24.507" errors="0" timestamp="2024-12-27T16:23:55 IST" skipped="0">
  <testcase classname="driverFactory.AppTest" name="kickStart" time="24.507"/>
</testsuite> <!-- driverFactory.AppTest -->
